[debug] [2026-03-12T19:56:35.628Z] ----------------------------------------------------------------------
[debug] [2026-03-12T19:56:35.630Z] Command:       /opt/homebrew/Cellar/node/25.8.0/bin/node /opt/homebrew/bin/firebase emulators:start --only functions
[debug] [2026-03-12T19:56:35.630Z] CLI Version:   15.9.1
[debug] [2026-03-12T19:56:35.630Z] Platform:      darwin
[debug] [2026-03-12T19:56:35.630Z] Node Version:  v25.8.0
[debug] [2026-03-12T19:56:35.630Z] Time:          Thu Mar 12 2026 15:56:35 GMT-0400 (Eastern Daylight Time)
[debug] [2026-03-12T19:56:35.630Z] ----------------------------------------------------------------------
[debug] 
[debug] [2026-03-12T19:56:36.067Z] > command requires scopes: ["email","openid","https://www.googleapis.com/auth/cloudplatformprojects.readonly","https://www.googleapis.com/auth/firebase","https://www.googleapis.com/auth/cloud-platform"]
[debug] [2026-03-12T19:56:36.067Z] > authorizing via signed-in user (allyjarjour@gmail.com)
[info] i  emulators: Starting emulators: functions {"metadata":{"emulator":{"name":"hub"},"message":"Starting emulators: functions"}}
[debug] [2026-03-12T19:56:36.263Z] [logging] Logging Emulator only supports listening on one address (127.0.0.1). Not listening on ::1
[debug] [2026-03-12T19:56:36.263Z] assigned listening specs for emulators {"user":{"hub":[{"address":"127.0.0.1","family":"IPv4","port":4400},{"address":"::1","family":"IPv6","port":4400}],"ui":[{"address":"127.0.0.1","family":"IPv4","port":4000},{"address":"::1","family":"IPv6","port":4000}],"logging":[{"address":"127.0.0.1","family":"IPv4","port":4500}]},"metadata":{"message":"assigned listening specs for emulators"}}
[debug] [2026-03-12T19:56:36.264Z] Write emulator hub locator at /var/folders/5r/hszq4tnx7gn8hsj81y59ft1h0000gn/T/hub-ally-jarjour.json
[debug] [2026-03-12T19:56:36.466Z] [functions] Functions Emulator only supports listening on one address (127.0.0.1). Not listening on ::1
[debug] [2026-03-12T19:56:36.466Z] [eventarc] Eventarc Emulator only supports listening on one address (127.0.0.1). Not listening on ::1
[debug] [2026-03-12T19:56:36.466Z] [tasks] Cloud Tasks Emulator only supports listening on one address (127.0.0.1). Not listening on ::1
[debug] [2026-03-12T19:56:36.466Z] late-assigned ports for functions and eventarc emulators {"user":{"hub":[{"address":"127.0.0.1","family":"IPv4","port":4400},{"address":"::1","family":"IPv6","port":4400}],"ui":[{"address":"127.0.0.1","family":"IPv4","port":4000},{"address":"::1","family":"IPv6","port":4000}],"logging":[{"address":"127.0.0.1","family":"IPv4","port":4500}],"functions":[{"address":"127.0.0.1","family":"IPv4","port":5001}],"eventarc":[{"address":"127.0.0.1","family":"IPv4","port":9299}],"tasks":[{"address":"127.0.0.1","family":"IPv4","port":9499}]},"metadata":{"message":"late-assigned ports for functions and eventarc emulators"}}
[warn] ⚠  functions: The following emulators are not running, calls to these services from the Functions emulator will affect production: apphosting, auth, firestore, database, hosting, pubsub, storage, dataconnect {"metadata":{"emulator":{"name":"functions"},"message":"The following emulators are not running, calls to these services from the Functions emulator will affect production: \u001b[1mapphosting, auth, firestore, database, hosting, pubsub, storage, dataconnect\u001b[22m"}}
[debug] [2026-03-12T19:56:36.474Z] defaultcredentials: writing to file /Users/ally/.config/firebase/allyjarjour_gmail_com_application_default_credentials.json
[debug] [2026-03-12T19:56:36.475Z] Setting GAC to /Users/ally/.config/firebase/allyjarjour_gmail_com_application_default_credentials.json {"metadata":{"emulator":{"name":"functions"},"message":"Setting GAC to /Users/ally/.config/firebase/allyjarjour_gmail_com_application_default_credentials.json"}}
[debug] [2026-03-12T19:56:36.475Z] Checked if tokens are valid: true, expires at: 1773348645333
[debug] [2026-03-12T19:56:36.475Z] Checked if tokens are valid: true, expires at: 1773348645333
[debug] [2026-03-12T19:56:36.475Z] >>> [apiv2][query] GET https://firebase.googleapis.com/v1beta1/projects/ally-jarjour/adminSdkConfig [none]
[debug] [2026-03-12T19:56:36.886Z] <<< [apiv2][status] GET https://firebase.googleapis.com/v1beta1/projects/ally-jarjour/adminSdkConfig 200
[debug] [2026-03-12T19:56:36.886Z] <<< [apiv2][body] GET https://firebase.googleapis.com/v1beta1/projects/ally-jarjour/adminSdkConfig {"projectId":"ally-jarjour","storageBucket":"ally-jarjour.firebasestorage.app"}
[info] i  functions: Watching "/Users/ally/Repos/my-site/functions" for Cloud Functions... {"metadata":{"emulator":{"name":"functions"},"message":"Watching \"/Users/ally/Repos/my-site/functions\" for Cloud Functions..."}}
[debug] [2026-03-12T19:56:36.903Z] Validating nodejs source
[warn] ⚠  functions: package.json indicates an outdated version of firebase-functions. Please upgrade using npm install --save firebase-functions@latest in your functions directory. 
[warn] ⚠  functions: Please note that there will be breaking changes when you upgrade. 
[debug] [2026-03-12T19:56:37.274Z] > [functions] package.json contents: {
  "name": "my-site-functions",
  "description": "Spotify now-playing API for portfolio",
  "main": "index.js",
  "type": "module",
  "engines": {
    "node": "18"
  },
  "dependencies": {
    "firebase-functions": "^6.3.0"
  }
}
[debug] [2026-03-12T19:56:37.274Z] Building nodejs source
[debug] [2026-03-12T19:56:37.274Z] Failed to find version of module node: reached end of search path /Users/ally/Repos/my-site/functions/node_modules
[warn] ⚠  functions: Your requested "node" version "18" doesn't match your global version "25". Using node@25 from host. 
[info] i  functions: Loaded environment variables from .env. 
[debug] [2026-03-12T19:56:37.277Z] Could not find functions.yaml. Must use http discovery
[debug] [2026-03-12T19:56:37.280Z] Found firebase-functions binary at '/Users/ally/Repos/my-site/functions/node_modules/.bin/firebase-functions'
[info] Serving at port 8588

[debug] [2026-03-12T19:56:37.474Z] Got response from /__/functions.yaml {"endpoints":{"nowPlaying":{"availableMemoryMb":null,"timeoutSeconds":null,"minInstances":null,"maxInstances":null,"ingressSettings":null,"concurrency":null,"serviceAccountEmail":null,"vpc":null,"platform":"gcfv2","labels":{},"httpsTrigger":{},"entryPoint":"nowPlaying"}},"specVersion":"v1alpha1","requiredAPIs":[],"extensions":{},"params":[{"name":"SPOTIFY_CLIENT_ID","type":"string"},{"name":"SPOTIFY_CLIENT_SECRET","type":"string"},{"name":"SPOTIFY_REFRESH_TOKEN","type":"string"}]}
[info] ✔  functions: Loaded functions definitions from source: nowPlaying. {"metadata":{"emulator":{"name":"functions"},"message":"Loaded functions definitions from source: nowPlaying."}}
[info] ✔  functions[us-central1-nowPlaying]: http function initialized (http://127.0.0.1:5001/ally-jarjour/us-central1/nowPlaying). {"metadata":{"emulator":{"name":"functions"},"message":"\u001b[1mhttp\u001b[22m function initialized (http://127.0.0.1:5001/ally-jarjour/us-central1/nowPlaying)."}}
[debug] [2026-03-12T19:56:41.492Z] Could not find VSCode notification endpoint: FetchError: request to http://localhost:40001/vscode/notify failed, reason: . If you are not running the Firebase Data Connect VSCode extension, this is expected and not an issue.
[info] 
┌─────────────────────────────────────────────────────────────┐
│ ✔  All emulators ready! It is now safe to connect your app. │
│ i  View Emulator UI at http://127.0.0.1:4000/               │
└─────────────────────────────────────────────────────────────┘

┌───────────┬────────────────┬─────────────────────────────────┐
│ Emulator  │ Host:Port      │ View in Emulator UI             │
├───────────┼────────────────┼─────────────────────────────────┤
│ Functions │ 127.0.0.1:5001 │ http://127.0.0.1:4000/functions │
└───────────┴────────────────┴─────────────────────────────────┘
  Emulator Hub host: 127.0.0.1 port: 4400
  Other reserved ports: 4500

Issues? Report them at https://github.com/firebase/firebase-tools/issues and attach the *-debug.log files.
 
[debug] [2026-03-12T19:56:45.278Z] [work-queue] {"queuedWork":["/ally-jarjour/us-central1/nowPlaying-2026-03-12T19:56:45.278Z"],"queueLength":1,"runningWork":[],"workRunningCount":0}
[debug] [2026-03-12T19:56:45.278Z] [work-queue] {"queuedWork":[],"queueLength":0,"runningWork":["/ally-jarjour/us-central1/nowPlaying-2026-03-12T19:56:45.278Z"],"workRunningCount":1}
[debug] [2026-03-12T19:56:45.278Z] Accepted request GET /ally-jarjour/us-central1/nowPlaying --> us-central1-nowPlaying
[debug] [2026-03-12T19:56:45.279Z] [functions] Runtime ready! Sending request! {"metadata":{"emulator":{"name":"functions"},"message":"[functions] Runtime ready! Sending request!"}}
[debug] [2026-03-12T19:56:45.279Z] [functions] Got req.url=/ally-jarjour/us-central1/nowPlaying, mapping to path=/ {"metadata":{"emulator":{"name":"functions"},"message":"[functions] Got req.url=/ally-jarjour/us-central1/nowPlaying, mapping to path=/"}}
[info] i  functions: Loaded environment variables from .env. 
[debug] [2026-03-12T19:56:45.281Z] [worker-pool] addWorker(us-central1-nowPlaying) {"metadata":{"emulator":{"name":"functions"},"message":"[worker-pool] addWorker(us-central1-nowPlaying)"}}
[debug] [2026-03-12T19:56:45.282Z] [worker-pool] Adding worker with key us-central1-nowPlaying, total=1 {"metadata":{"emulator":{"name":"functions"},"message":"[worker-pool] Adding worker with key us-central1-nowPlaying, total=1"}}
[warn] ⚠  The Cloud Functions emulator requires the module "firebase-admin" to be installed as a dependency. To fix this, run "npm install --save firebase-admin" in your functions directory. {"metadata":{"emulator":{"name":"functions"},"function":{"name":"us-central1-nowPlaying"},"extension":{},"message":"The Cloud Functions emulator requires the module \"firebase-admin\" to be installed as a dependency. To fix this, run \"npm install --save firebase-admin\" in your functions directory."}}
[info] i  functions: Your functions could not be parsed due to an issue with your node_modules (see above) {"metadata":{"emulator":{"name":"functions"},"function":{"name":"us-central1-nowPlaying"},"extension":{},"message":"Your functions could not be parsed due to an issue with your node_modules (see above)"}}
[debug] [2026-03-12T19:56:45.567Z] [runtime-status] [78651] Functions runtime initialized. {"cwd":"/Users/ally/Repos/my-site/functions","node_version":"25.8.0"} {"metadata":{"emulator":{"name":"functions"},"function":{"name":"us-central1-nowPlaying"},"extension":{},"message":"[runtime-status] [78651] Functions runtime initialized. {\"cwd\":\"/Users/ally/Repos/my-site/functions\",\"node_version\":\"25.8.0\"}"}}
[debug] [2026-03-12T19:56:45.567Z] [runtime-status] [78651] Listening to port: /var/folders/5r/hszq4tnx7gn8hsj81y59ft1h0000gn/T/fire_emu_777a6c39a76600d0.sock {"metadata":{"emulator":{"name":"functions"},"function":{"name":"us-central1-nowPlaying"},"extension":{},"message":"[runtime-status] [78651] Listening to port: /var/folders/5r/hszq4tnx7gn8hsj81y59ft1h0000gn/T/fire_emu_777a6c39a76600d0.sock"}}
[debug] [2026-03-12T19:56:45.589Z] [worker-us-central1-nowPlaying-e02c0e6e-2e86-4cff-9fec-9d14a9638916]: IDLE {"metadata":{"emulator":{"name":"functions"},"function":{"name":"us-central1-nowPlaying"},"extension":{},"message":"[worker-us-central1-nowPlaying-e02c0e6e-2e86-4cff-9fec-9d14a9638916]: IDLE"}}
[debug] [2026-03-12T19:56:45.589Z] [worker-pool] submitRequest(triggerId=us-central1-nowPlaying) {"metadata":{"emulator":{"name":"functions"},"message":"[worker-pool] submitRequest(triggerId=us-central1-nowPlaying)"}}
[info] i  functions: Beginning execution of "us-central1-nowPlaying" {"metadata":{"emulator":{"name":"functions"},"function":{"name":"us-central1-nowPlaying"},"extension":{},"message":"Beginning execution of \"us-central1-nowPlaying\""}}
[debug] [2026-03-12T19:56:45.589Z] [worker-us-central1-nowPlaying-e02c0e6e-2e86-4cff-9fec-9d14a9638916]: BUSY {"metadata":{"emulator":{"name":"functions"},"function":{"name":"us-central1-nowPlaying"},"extension":{},"message":"[worker-us-central1-nowPlaying-e02c0e6e-2e86-4cff-9fec-9d14a9638916]: BUSY"}}
[info] >  now-playing error: Spotify recent API error: 403 {"user":"now-playing error: Spotify recent API error: 403","metadata":{"emulator":{"name":"functions"},"function":{"name":"us-central1-nowPlaying"},"extension":{},"message":"\u001b[90m> \u001b[39m now-playing error: Spotify recent API error: 403"}}
[debug] [2026-03-12T19:56:45.904Z] Finishing up request with event=pause {"metadata":{"emulator":{"name":"functions"},"function":{"name":"us-central1-nowPlaying"},"extension":{},"message":"Finishing up request with event=pause"}}
[info] i  functions: Finished "us-central1-nowPlaying" in 314.558583ms {"metadata":{"emulator":{"name":"functions"},"function":{"name":"us-central1-nowPlaying"},"extension":{},"message":"Finished \"us-central1-nowPlaying\" in 314.558583ms"}}
[debug] [2026-03-12T19:56:45.904Z] [worker-us-central1-nowPlaying-e02c0e6e-2e86-4cff-9fec-9d14a9638916]: IDLE {"metadata":{"emulator":{"name":"functions"},"function":{"name":"us-central1-nowPlaying"},"extension":{},"message":"[worker-us-central1-nowPlaying-e02c0e6e-2e86-4cff-9fec-9d14a9638916]: IDLE"}}
[debug] [2026-03-12T19:56:45.904Z] Finishing up request with event=finish {"metadata":{"emulator":{"name":"functions"},"function":{"name":"us-central1-nowPlaying"},"extension":{},"message":"Finishing up request with event=finish"}}
[debug] [2026-03-12T19:56:45.904Z] Finishing up request with event=close {"metadata":{"emulator":{"name":"functions"},"function":{"name":"us-central1-nowPlaying"},"extension":{},"message":"Finishing up request with event=close"}}
[debug] [2026-03-12T19:56:45.904Z] [work-queue] {"queuedWork":[],"queueLength":0,"runningWork":[],"workRunningCount":0}
[debug] [2026-03-12T19:56:48.369Z] [work-queue] {"queuedWork":["/ally-jarjour/us-central1/nowPlaying-2026-03-12T19:56:48.369Z"],"queueLength":1,"runningWork":[],"workRunningCount":0}
[debug] [2026-03-12T19:56:48.369Z] [work-queue] {"queuedWork":[],"queueLength":0,"runningWork":["/ally-jarjour/us-central1/nowPlaying-2026-03-12T19:56:48.369Z"],"workRunningCount":1}
[debug] [2026-03-12T19:56:48.369Z] Accepted request GET /ally-jarjour/us-central1/nowPlaying --> us-central1-nowPlaying
[debug] [2026-03-12T19:56:48.369Z] [functions] Runtime ready! Sending request! {"metadata":{"emulator":{"name":"functions"},"message":"[functions] Runtime ready! Sending request!"}}
[debug] [2026-03-12T19:56:48.370Z] [functions] Got req.url=/ally-jarjour/us-central1/nowPlaying, mapping to path=/ {"metadata":{"emulator":{"name":"functions"},"message":"[functions] Got req.url=/ally-jarjour/us-central1/nowPlaying, mapping to path=/"}}
[debug] [2026-03-12T19:56:48.370Z] [worker-pool] submitRequest(triggerId=us-central1-nowPlaying) {"metadata":{"emulator":{"name":"functions"},"message":"[worker-pool] submitRequest(triggerId=us-central1-nowPlaying)"}}
[info] i  functions: Beginning execution of "us-central1-nowPlaying" {"metadata":{"emulator":{"name":"functions"},"function":{"name":"us-central1-nowPlaying"},"extension":{},"message":"Beginning execution of \"us-central1-nowPlaying\""}}
[debug] [2026-03-12T19:56:48.370Z] [worker-us-central1-nowPlaying-e02c0e6e-2e86-4cff-9fec-9d14a9638916]: BUSY {"metadata":{"emulator":{"name":"functions"},"function":{"name":"us-central1-nowPlaying"},"extension":{},"message":"[worker-us-central1-nowPlaying-e02c0e6e-2e86-4cff-9fec-9d14a9638916]: BUSY"}}
[info] >  now-playing error: Spotify recent API error: 403 {"user":"now-playing error: Spotify recent API error: 403","metadata":{"emulator":{"name":"functions"},"function":{"name":"us-central1-nowPlaying"},"extension":{},"message":"\u001b[90m> \u001b[39m now-playing error: Spotify recent API error: 403"}}
[debug] [2026-03-12T19:56:48.516Z] Finishing up request with event=pause {"metadata":{"emulator":{"name":"functions"},"function":{"name":"us-central1-nowPlaying"},"extension":{},"message":"Finishing up request with event=pause"}}
[info] i  functions: Finished "us-central1-nowPlaying" in 145.4345ms {"metadata":{"emulator":{"name":"functions"},"function":{"name":"us-central1-nowPlaying"},"extension":{},"message":"Finished \"us-central1-nowPlaying\" in 145.4345ms"}}
[debug] [2026-03-12T19:56:48.516Z] [worker-us-central1-nowPlaying-e02c0e6e-2e86-4cff-9fec-9d14a9638916]: IDLE {"metadata":{"emulator":{"name":"functions"},"function":{"name":"us-central1-nowPlaying"},"extension":{},"message":"[worker-us-central1-nowPlaying-e02c0e6e-2e86-4cff-9fec-9d14a9638916]: IDLE"}}
[debug] [2026-03-12T19:56:48.518Z] Finishing up request with event=finish {"metadata":{"emulator":{"name":"functions"},"function":{"name":"us-central1-nowPlaying"},"extension":{},"message":"Finishing up request with event=finish"}}
[debug] [2026-03-12T19:56:48.518Z] Finishing up request with event=close {"metadata":{"emulator":{"name":"functions"},"function":{"name":"us-central1-nowPlaying"},"extension":{},"message":"Finishing up request with event=close"}}
[debug] [2026-03-12T19:56:48.518Z] [work-queue] {"queuedWork":[],"queueLength":0,"runningWork":[],"workRunningCount":0}
[debug] [2026-03-12T19:57:13.299Z] [work-queue] {"queuedWork":["/ally-jarjour/us-central1/nowPlaying-2026-03-12T19:57:13.299Z"],"queueLength":1,"runningWork":[],"workRunningCount":0}
[debug] [2026-03-12T19:57:13.300Z] [work-queue] {"queuedWork":[],"queueLength":0,"runningWork":["/ally-jarjour/us-central1/nowPlaying-2026-03-12T19:57:13.299Z"],"workRunningCount":1}
[debug] [2026-03-12T19:57:13.300Z] Accepted request GET /ally-jarjour/us-central1/nowPlaying --> us-central1-nowPlaying
[debug] [2026-03-12T19:57:13.300Z] [functions] Runtime ready! Sending request! {"metadata":{"emulator":{"name":"functions"},"message":"[functions] Runtime ready! Sending request!"}}
[debug] [2026-03-12T19:57:13.300Z] [functions] Got req.url=/ally-jarjour/us-central1/nowPlaying, mapping to path=/ {"metadata":{"emulator":{"name":"functions"},"message":"[functions] Got req.url=/ally-jarjour/us-central1/nowPlaying, mapping to path=/"}}
[debug] [2026-03-12T19:57:13.300Z] [worker-pool] submitRequest(triggerId=us-central1-nowPlaying) {"metadata":{"emulator":{"name":"functions"},"message":"[worker-pool] submitRequest(triggerId=us-central1-nowPlaying)"}}
[info] i  functions: Beginning execution of "us-central1-nowPlaying" {"metadata":{"emulator":{"name":"functions"},"function":{"name":"us-central1-nowPlaying"},"extension":{},"message":"Beginning execution of \"us-central1-nowPlaying\""}}
[debug] [2026-03-12T19:57:13.300Z] [worker-us-central1-nowPlaying-e02c0e6e-2e86-4cff-9fec-9d14a9638916]: BUSY {"metadata":{"emulator":{"name":"functions"},"function":{"name":"us-central1-nowPlaying"},"extension":{},"message":"[worker-us-central1-nowPlaying-e02c0e6e-2e86-4cff-9fec-9d14a9638916]: BUSY"}}
[debug] [2026-03-12T19:57:13.687Z] Finishing up request with event=pause {"metadata":{"emulator":{"name":"functions"},"function":{"name":"us-central1-nowPlaying"},"extension":{},"message":"Finishing up request with event=pause"}}
[info] i  functions: Finished "us-central1-nowPlaying" in 386.752ms {"metadata":{"emulator":{"name":"functions"},"function":{"name":"us-central1-nowPlaying"},"extension":{},"message":"Finished \"us-central1-nowPlaying\" in 386.752ms"}}
[debug] [2026-03-12T19:57:13.687Z] [worker-us-central1-nowPlaying-e02c0e6e-2e86-4cff-9fec-9d14a9638916]: IDLE {"metadata":{"emulator":{"name":"functions"},"function":{"name":"us-central1-nowPlaying"},"extension":{},"message":"[worker-us-central1-nowPlaying-e02c0e6e-2e86-4cff-9fec-9d14a9638916]: IDLE"}}
[debug] [2026-03-12T19:57:13.687Z] Finishing up request with event=finish {"metadata":{"emulator":{"name":"functions"},"function":{"name":"us-central1-nowPlaying"},"extension":{},"message":"Finishing up request with event=finish"}}
[debug] [2026-03-12T19:57:13.687Z] Finishing up request with event=close {"metadata":{"emulator":{"name":"functions"},"function":{"name":"us-central1-nowPlaying"},"extension":{},"message":"Finishing up request with event=close"}}
[debug] [2026-03-12T19:57:13.687Z] [work-queue] {"queuedWork":[],"queueLength":0,"runningWork":[],"workRunningCount":0}
[debug] [2026-03-12T19:57:15.324Z] [work-queue] {"queuedWork":["/ally-jarjour/us-central1/nowPlaying-2026-03-12T19:57:15.323Z"],"queueLength":1,"runningWork":[],"workRunningCount":0}
[debug] [2026-03-12T19:57:15.324Z] [work-queue] {"queuedWork":[],"queueLength":0,"runningWork":["/ally-jarjour/us-central1/nowPlaying-2026-03-12T19:57:15.323Z"],"workRunningCount":1}
[debug] [2026-03-12T19:57:15.324Z] Accepted request GET /ally-jarjour/us-central1/nowPlaying --> us-central1-nowPlaying
[debug] [2026-03-12T19:57:15.324Z] [functions] Runtime ready! Sending request! {"metadata":{"emulator":{"name":"functions"},"message":"[functions] Runtime ready! Sending request!"}}
[debug] [2026-03-12T19:57:15.324Z] [functions] Got req.url=/ally-jarjour/us-central1/nowPlaying, mapping to path=/ {"metadata":{"emulator":{"name":"functions"},"message":"[functions] Got req.url=/ally-jarjour/us-central1/nowPlaying, mapping to path=/"}}
[debug] [2026-03-12T19:57:15.324Z] [worker-pool] submitRequest(triggerId=us-central1-nowPlaying) {"metadata":{"emulator":{"name":"functions"},"message":"[worker-pool] submitRequest(triggerId=us-central1-nowPlaying)"}}
[info] i  functions: Beginning execution of "us-central1-nowPlaying" {"metadata":{"emulator":{"name":"functions"},"function":{"name":"us-central1-nowPlaying"},"extension":{},"message":"Beginning execution of \"us-central1-nowPlaying\""}}
[debug] [2026-03-12T19:57:15.324Z] [worker-us-central1-nowPlaying-e02c0e6e-2e86-4cff-9fec-9d14a9638916]: BUSY {"metadata":{"emulator":{"name":"functions"},"function":{"name":"us-central1-nowPlaying"},"extension":{},"message":"[worker-us-central1-nowPlaying-e02c0e6e-2e86-4cff-9fec-9d14a9638916]: BUSY"}}
[debug] [2026-03-12T19:57:15.620Z] Finishing up request with event=pause {"metadata":{"emulator":{"name":"functions"},"function":{"name":"us-central1-nowPlaying"},"extension":{},"message":"Finishing up request with event=pause"}}
[info] i  functions: Finished "us-central1-nowPlaying" in 295.710291ms {"metadata":{"emulator":{"name":"functions"},"function":{"name":"us-central1-nowPlaying"},"extension":{},"message":"Finished \"us-central1-nowPlaying\" in 295.710291ms"}}
[debug] [2026-03-12T19:57:15.620Z] [worker-us-central1-nowPlaying-e02c0e6e-2e86-4cff-9fec-9d14a9638916]: IDLE {"metadata":{"emulator":{"name":"functions"},"function":{"name":"us-central1-nowPlaying"},"extension":{},"message":"[worker-us-central1-nowPlaying-e02c0e6e-2e86-4cff-9fec-9d14a9638916]: IDLE"}}
[debug] [2026-03-12T19:57:15.620Z] Finishing up request with event=finish {"metadata":{"emulator":{"name":"functions"},"function":{"name":"us-central1-nowPlaying"},"extension":{},"message":"Finishing up request with event=finish"}}
[debug] [2026-03-12T19:57:15.620Z] Finishing up request with event=close {"metadata":{"emulator":{"name":"functions"},"function":{"name":"us-central1-nowPlaying"},"extension":{},"message":"Finishing up request with event=close"}}
[debug] [2026-03-12T19:57:15.620Z] [work-queue] {"queuedWork":[],"queueLength":0,"runningWork":[],"workRunningCount":0}
[debug] [2026-03-12T19:57:19.340Z] [work-queue] {"queuedWork":["/ally-jarjour/us-central1/nowPlaying-2026-03-12T19:57:19.340Z"],"queueLength":1,"runningWork":[],"workRunningCount":0}
[debug] [2026-03-12T19:57:19.340Z] [work-queue] {"queuedWork":[],"queueLength":0,"runningWork":["/ally-jarjour/us-central1/nowPlaying-2026-03-12T19:57:19.340Z"],"workRunningCount":1}
[debug] [2026-03-12T19:57:19.340Z] Accepted request GET /ally-jarjour/us-central1/nowPlaying --> us-central1-nowPlaying
[debug] [2026-03-12T19:57:19.340Z] [functions] Runtime ready! Sending request! {"metadata":{"emulator":{"name":"functions"},"message":"[functions] Runtime ready! Sending request!"}}
[debug] [2026-03-12T19:57:19.340Z] [functions] Got req.url=/ally-jarjour/us-central1/nowPlaying, mapping to path=/ {"metadata":{"emulator":{"name":"functions"},"message":"[functions] Got req.url=/ally-jarjour/us-central1/nowPlaying, mapping to path=/"}}
[debug] [2026-03-12T19:57:19.340Z] [worker-pool] submitRequest(triggerId=us-central1-nowPlaying) {"metadata":{"emulator":{"name":"functions"},"message":"[worker-pool] submitRequest(triggerId=us-central1-nowPlaying)"}}
[info] i  functions: Beginning execution of "us-central1-nowPlaying" {"metadata":{"emulator":{"name":"functions"},"function":{"name":"us-central1-nowPlaying"},"extension":{},"message":"Beginning execution of \"us-central1-nowPlaying\""}}
[debug] [2026-03-12T19:57:19.340Z] [worker-us-central1-nowPlaying-e02c0e6e-2e86-4cff-9fec-9d14a9638916]: BUSY {"metadata":{"emulator":{"name":"functions"},"function":{"name":"us-central1-nowPlaying"},"extension":{},"message":"[worker-us-central1-nowPlaying-e02c0e6e-2e86-4cff-9fec-9d14a9638916]: BUSY"}}
[debug] [2026-03-12T19:57:19.657Z] Finishing up request with event=pause {"metadata":{"emulator":{"name":"functions"},"function":{"name":"us-central1-nowPlaying"},"extension":{},"message":"Finishing up request with event=pause"}}
[info] i  functions: Finished "us-central1-nowPlaying" in 317.2325ms {"metadata":{"emulator":{"name":"functions"},"function":{"name":"us-central1-nowPlaying"},"extension":{},"message":"Finished \"us-central1-nowPlaying\" in 317.2325ms"}}
[debug] [2026-03-12T19:57:19.658Z] [worker-us-central1-nowPlaying-e02c0e6e-2e86-4cff-9fec-9d14a9638916]: IDLE {"metadata":{"emulator":{"name":"functions"},"function":{"name":"us-central1-nowPlaying"},"extension":{},"message":"[worker-us-central1-nowPlaying-e02c0e6e-2e86-4cff-9fec-9d14a9638916]: IDLE"}}
[debug] [2026-03-12T19:57:19.658Z] Finishing up request with event=finish {"metadata":{"emulator":{"name":"functions"},"function":{"name":"us-central1-nowPlaying"},"extension":{},"message":"Finishing up request with event=finish"}}
[debug] [2026-03-12T19:57:19.658Z] Finishing up request with event=close {"metadata":{"emulator":{"name":"functions"},"function":{"name":"us-central1-nowPlaying"},"extension":{},"message":"Finishing up request with event=close"}}
[debug] [2026-03-12T19:57:19.658Z] [work-queue] {"queuedWork":[],"queueLength":0,"runningWork":[],"workRunningCount":0}
[debug] [2026-03-12T19:57:36.265Z] [work-queue] {"queuedWork":["/ally-jarjour/us-central1/nowPlaying-2026-03-12T19:57:36.264Z"],"queueLength":1,"runningWork":[],"workRunningCount":0}
[debug] [2026-03-12T19:57:36.266Z] [work-queue] {"queuedWork":[],"queueLength":0,"runningWork":["/ally-jarjour/us-central1/nowPlaying-2026-03-12T19:57:36.264Z"],"workRunningCount":1}
[debug] [2026-03-12T19:57:36.266Z] Accepted request GET /ally-jarjour/us-central1/nowPlaying --> us-central1-nowPlaying
[debug] [2026-03-12T19:57:36.267Z] [functions] Runtime ready! Sending request! {"metadata":{"emulator":{"name":"functions"},"message":"[functions] Runtime ready! Sending request!"}}
[debug] [2026-03-12T19:57:36.267Z] [functions] Got req.url=/ally-jarjour/us-central1/nowPlaying, mapping to path=/ {"metadata":{"emulator":{"name":"functions"},"message":"[functions] Got req.url=/ally-jarjour/us-central1/nowPlaying, mapping to path=/"}}
[debug] [2026-03-12T19:57:36.267Z] [worker-pool] submitRequest(triggerId=us-central1-nowPlaying) {"metadata":{"emulator":{"name":"functions"},"message":"[worker-pool] submitRequest(triggerId=us-central1-nowPlaying)"}}
[info] i  functions: Beginning execution of "us-central1-nowPlaying" {"metadata":{"emulator":{"name":"functions"},"function":{"name":"us-central1-nowPlaying"},"extension":{},"message":"Beginning execution of \"us-central1-nowPlaying\""}}
[debug] [2026-03-12T19:57:36.268Z] [worker-us-central1-nowPlaying-e02c0e6e-2e86-4cff-9fec-9d14a9638916]: BUSY {"metadata":{"emulator":{"name":"functions"},"function":{"name":"us-central1-nowPlaying"},"extension":{},"message":"[worker-us-central1-nowPlaying-e02c0e6e-2e86-4cff-9fec-9d14a9638916]: BUSY"}}
[debug] [2026-03-12T19:57:36.655Z] Finishing up request with event=pause {"metadata":{"emulator":{"name":"functions"},"function":{"name":"us-central1-nowPlaying"},"extension":{},"message":"Finishing up request with event=pause"}}
[info] i  functions: Finished "us-central1-nowPlaying" in 387.29225ms {"metadata":{"emulator":{"name":"functions"},"function":{"name":"us-central1-nowPlaying"},"extension":{},"message":"Finished \"us-central1-nowPlaying\" in 387.29225ms"}}
[debug] [2026-03-12T19:57:36.655Z] [worker-us-central1-nowPlaying-e02c0e6e-2e86-4cff-9fec-9d14a9638916]: IDLE {"metadata":{"emulator":{"name":"functions"},"function":{"name":"us-central1-nowPlaying"},"extension":{},"message":"[worker-us-central1-nowPlaying-e02c0e6e-2e86-4cff-9fec-9d14a9638916]: IDLE"}}
[debug] [2026-03-12T19:57:36.655Z] Finishing up request with event=finish {"metadata":{"emulator":{"name":"functions"},"function":{"name":"us-central1-nowPlaying"},"extension":{},"message":"Finishing up request with event=finish"}}
[debug] [2026-03-12T19:57:36.656Z] Finishing up request with event=close {"metadata":{"emulator":{"name":"functions"},"function":{"name":"us-central1-nowPlaying"},"extension":{},"message":"Finishing up request with event=close"}}
[debug] [2026-03-12T19:57:36.656Z] [work-queue] {"queuedWork":[],"queueLength":0,"runningWork":[],"workRunningCount":0}
[debug] [2026-03-12T19:57:37.165Z] [work-queue] {"queuedWork":["/ally-jarjour/us-central1/nowPlaying-2026-03-12T19:57:37.165Z"],"queueLength":1,"runningWork":[],"workRunningCount":0}
[debug] [2026-03-12T19:57:37.165Z] [work-queue] {"queuedWork":[],"queueLength":0,"runningWork":["/ally-jarjour/us-central1/nowPlaying-2026-03-12T19:57:37.165Z"],"workRunningCount":1}
[debug] [2026-03-12T19:57:37.165Z] Accepted request GET /ally-jarjour/us-central1/nowPlaying --> us-central1-nowPlaying
[debug] [2026-03-12T19:57:37.165Z] [functions] Runtime ready! Sending request! {"metadata":{"emulator":{"name":"functions"},"message":"[functions] Runtime ready! Sending request!"}}
[debug] [2026-03-12T19:57:37.165Z] [functions] Got req.url=/ally-jarjour/us-central1/nowPlaying, mapping to path=/ {"metadata":{"emulator":{"name":"functions"},"message":"[functions] Got req.url=/ally-jarjour/us-central1/nowPlaying, mapping to path=/"}}
[debug] [2026-03-12T19:57:37.165Z] [worker-pool] submitRequest(triggerId=us-central1-nowPlaying) {"metadata":{"emulator":{"name":"functions"},"message":"[worker-pool] submitRequest(triggerId=us-central1-nowPlaying)"}}
[info] i  functions: Beginning execution of "us-central1-nowPlaying" {"metadata":{"emulator":{"name":"functions"},"function":{"name":"us-central1-nowPlaying"},"extension":{},"message":"Beginning execution of \"us-central1-nowPlaying\""}}
[debug] [2026-03-12T19:57:37.166Z] [worker-us-central1-nowPlaying-e02c0e6e-2e86-4cff-9fec-9d14a9638916]: BUSY {"metadata":{"emulator":{"name":"functions"},"function":{"name":"us-central1-nowPlaying"},"extension":{},"message":"[worker-us-central1-nowPlaying-e02c0e6e-2e86-4cff-9fec-9d14a9638916]: BUSY"}}
[debug] [2026-03-12T19:57:37.350Z] Finishing up request with event=pause {"metadata":{"emulator":{"name":"functions"},"function":{"name":"us-central1-nowPlaying"},"extension":{},"message":"Finishing up request with event=pause"}}
[info] i  functions: Finished "us-central1-nowPlaying" in 184.25825ms {"metadata":{"emulator":{"name":"functions"},"function":{"name":"us-central1-nowPlaying"},"extension":{},"message":"Finished \"us-central1-nowPlaying\" in 184.25825ms"}}
[debug] [2026-03-12T19:57:37.350Z] [worker-us-central1-nowPlaying-e02c0e6e-2e86-4cff-9fec-9d14a9638916]: IDLE {"metadata":{"emulator":{"name":"functions"},"function":{"name":"us-central1-nowPlaying"},"extension":{},"message":"[worker-us-central1-nowPlaying-e02c0e6e-2e86-4cff-9fec-9d14a9638916]: IDLE"}}
[debug] [2026-03-12T19:57:37.350Z] Finishing up request with event=finish {"metadata":{"emulator":{"name":"functions"},"function":{"name":"us-central1-nowPlaying"},"extension":{},"message":"Finishing up request with event=finish"}}
[debug] [2026-03-12T19:57:37.350Z] Finishing up request with event=close {"metadata":{"emulator":{"name":"functions"},"function":{"name":"us-central1-nowPlaying"},"extension":{},"message":"Finishing up request with event=close"}}
[debug] [2026-03-12T19:57:37.351Z] [work-queue] {"queuedWork":[],"queueLength":0,"runningWork":[],"workRunningCount":0}
[debug] [2026-03-12T19:57:39.414Z] [work-queue] {"queuedWork":["/ally-jarjour/us-central1/nowPlaying-2026-03-12T19:57:39.414Z"],"queueLength":1,"runningWork":[],"workRunningCount":0}
[debug] [2026-03-12T19:57:39.414Z] [work-queue] {"queuedWork":[],"queueLength":0,"runningWork":["/ally-jarjour/us-central1/nowPlaying-2026-03-12T19:57:39.414Z"],"workRunningCount":1}
[debug] [2026-03-12T19:57:39.414Z] Accepted request GET /ally-jarjour/us-central1/nowPlaying --> us-central1-nowPlaying
[debug] [2026-03-12T19:57:39.414Z] [functions] Runtime ready! Sending request! {"metadata":{"emulator":{"name":"functions"},"message":"[functions] Runtime ready! Sending request!"}}
[debug] [2026-03-12T19:57:39.414Z] [functions] Got req.url=/ally-jarjour/us-central1/nowPlaying, mapping to path=/ {"metadata":{"emulator":{"name":"functions"},"message":"[functions] Got req.url=/ally-jarjour/us-central1/nowPlaying, mapping to path=/"}}
[debug] [2026-03-12T19:57:39.414Z] [worker-pool] submitRequest(triggerId=us-central1-nowPlaying) {"metadata":{"emulator":{"name":"functions"},"message":"[worker-pool] submitRequest(triggerId=us-central1-nowPlaying)"}}
[info] i  functions: Beginning execution of "us-central1-nowPlaying" {"metadata":{"emulator":{"name":"functions"},"function":{"name":"us-central1-nowPlaying"},"extension":{},"message":"Beginning execution of \"us-central1-nowPlaying\""}}
[debug] [2026-03-12T19:57:39.415Z] [worker-us-central1-nowPlaying-e02c0e6e-2e86-4cff-9fec-9d14a9638916]: BUSY {"metadata":{"emulator":{"name":"functions"},"function":{"name":"us-central1-nowPlaying"},"extension":{},"message":"[worker-us-central1-nowPlaying-e02c0e6e-2e86-4cff-9fec-9d14a9638916]: BUSY"}}
[debug] [2026-03-12T19:57:39.667Z] Finishing up request with event=pause {"metadata":{"emulator":{"name":"functions"},"function":{"name":"us-central1-nowPlaying"},"extension":{},"message":"Finishing up request with event=pause"}}
[info] i  functions: Finished "us-central1-nowPlaying" in 252.524958ms {"metadata":{"emulator":{"name":"functions"},"function":{"name":"us-central1-nowPlaying"},"extension":{},"message":"Finished \"us-central1-nowPlaying\" in 252.524958ms"}}
[debug] [2026-03-12T19:57:39.668Z] [worker-us-central1-nowPlaying-e02c0e6e-2e86-4cff-9fec-9d14a9638916]: IDLE {"metadata":{"emulator":{"name":"functions"},"function":{"name":"us-central1-nowPlaying"},"extension":{},"message":"[worker-us-central1-nowPlaying-e02c0e6e-2e86-4cff-9fec-9d14a9638916]: IDLE"}}
[debug] [2026-03-12T19:57:39.668Z] Finishing up request with event=finish {"metadata":{"emulator":{"name":"functions"},"function":{"name":"us-central1-nowPlaying"},"extension":{},"message":"Finishing up request with event=finish"}}
[debug] [2026-03-12T19:57:39.668Z] Finishing up request with event=close {"metadata":{"emulator":{"name":"functions"},"function":{"name":"us-central1-nowPlaying"},"extension":{},"message":"Finishing up request with event=close"}}
[debug] [2026-03-12T19:57:39.668Z] [work-queue] {"queuedWork":[],"queueLength":0,"runningWork":[],"workRunningCount":0}
[debug] [2026-03-12T19:57:41.794Z] [work-queue] {"queuedWork":["/ally-jarjour/us-central1/nowPlaying-2026-03-12T19:57:41.794Z"],"queueLength":1,"runningWork":[],"workRunningCount":0}
[debug] [2026-03-12T19:57:41.794Z] [work-queue] {"queuedWork":[],"queueLength":0,"runningWork":["/ally-jarjour/us-central1/nowPlaying-2026-03-12T19:57:41.794Z"],"workRunningCount":1}
[debug] [2026-03-12T19:57:41.794Z] Accepted request GET /ally-jarjour/us-central1/nowPlaying --> us-central1-nowPlaying
[debug] [2026-03-12T19:57:41.795Z] [functions] Runtime ready! Sending request! {"metadata":{"emulator":{"name":"functions"},"message":"[functions] Runtime ready! Sending request!"}}
[debug] [2026-03-12T19:57:41.795Z] [functions] Got req.url=/ally-jarjour/us-central1/nowPlaying, mapping to path=/ {"metadata":{"emulator":{"name":"functions"},"message":"[functions] Got req.url=/ally-jarjour/us-central1/nowPlaying, mapping to path=/"}}
[debug] [2026-03-12T19:57:41.795Z] [worker-pool] submitRequest(triggerId=us-central1-nowPlaying) {"metadata":{"emulator":{"name":"functions"},"message":"[worker-pool] submitRequest(triggerId=us-central1-nowPlaying)"}}
[info] i  functions: Beginning execution of "us-central1-nowPlaying" {"metadata":{"emulator":{"name":"functions"},"function":{"name":"us-central1-nowPlaying"},"extension":{},"message":"Beginning execution of \"us-central1-nowPlaying\""}}
[debug] [2026-03-12T19:57:41.795Z] [worker-us-central1-nowPlaying-e02c0e6e-2e86-4cff-9fec-9d14a9638916]: BUSY {"metadata":{"emulator":{"name":"functions"},"function":{"name":"us-central1-nowPlaying"},"extension":{},"message":"[worker-us-central1-nowPlaying-e02c0e6e-2e86-4cff-9fec-9d14a9638916]: BUSY"}}
[debug] [2026-03-12T19:57:41.967Z] Finishing up request with event=pause {"metadata":{"emulator":{"name":"functions"},"function":{"name":"us-central1-nowPlaying"},"extension":{},"message":"Finishing up request with event=pause"}}
[info] i  functions: Finished "us-central1-nowPlaying" in 172.337084ms {"metadata":{"emulator":{"name":"functions"},"function":{"name":"us-central1-nowPlaying"},"extension":{},"message":"Finished \"us-central1-nowPlaying\" in 172.337084ms"}}
[debug] [2026-03-12T19:57:41.968Z] [worker-us-central1-nowPlaying-e02c0e6e-2e86-4cff-9fec-9d14a9638916]: IDLE {"metadata":{"emulator":{"name":"functions"},"function":{"name":"us-central1-nowPlaying"},"extension":{},"message":"[worker-us-central1-nowPlaying-e02c0e6e-2e86-4cff-9fec-9d14a9638916]: IDLE"}}
[debug] [2026-03-12T19:57:41.968Z] Finishing up request with event=finish {"metadata":{"emulator":{"name":"functions"},"function":{"name":"us-central1-nowPlaying"},"extension":{},"message":"Finishing up request with event=finish"}}
[debug] [2026-03-12T19:57:41.968Z] Finishing up request with event=close {"metadata":{"emulator":{"name":"functions"},"function":{"name":"us-central1-nowPlaying"},"extension":{},"message":"Finishing up request with event=close"}}
[debug] [2026-03-12T19:57:41.968Z] [work-queue] {"queuedWork":[],"queueLength":0,"runningWork":[],"workRunningCount":0}
[debug] [2026-03-12T19:57:45.063Z] [work-queue] {"queuedWork":["/ally-jarjour/us-central1/nowPlaying-2026-03-12T19:57:45.063Z"],"queueLength":1,"runningWork":[],"workRunningCount":0}
[debug] [2026-03-12T19:57:45.063Z] [work-queue] {"queuedWork":[],"queueLength":0,"runningWork":["/ally-jarjour/us-central1/nowPlaying-2026-03-12T19:57:45.063Z"],"workRunningCount":1}
[debug] [2026-03-12T19:57:45.063Z] Accepted request GET /ally-jarjour/us-central1/nowPlaying --> us-central1-nowPlaying
[debug] [2026-03-12T19:57:45.063Z] [functions] Runtime ready! Sending request! {"metadata":{"emulator":{"name":"functions"},"message":"[functions] Runtime ready! Sending request!"}}
[debug] [2026-03-12T19:57:45.064Z] [functions] Got req.url=/ally-jarjour/us-central1/nowPlaying, mapping to path=/ {"metadata":{"emulator":{"name":"functions"},"message":"[functions] Got req.url=/ally-jarjour/us-central1/nowPlaying, mapping to path=/"}}
[debug] [2026-03-12T19:57:45.064Z] [worker-pool] submitRequest(triggerId=us-central1-nowPlaying) {"metadata":{"emulator":{"name":"functions"},"message":"[worker-pool] submitRequest(triggerId=us-central1-nowPlaying)"}}
[info] i  functions: Beginning execution of "us-central1-nowPlaying" {"metadata":{"emulator":{"name":"functions"},"function":{"name":"us-central1-nowPlaying"},"extension":{},"message":"Beginning execution of \"us-central1-nowPlaying\""}}
[debug] [2026-03-12T19:57:45.064Z] [worker-us-central1-nowPlaying-e02c0e6e-2e86-4cff-9fec-9d14a9638916]: BUSY {"metadata":{"emulator":{"name":"functions"},"function":{"name":"us-central1-nowPlaying"},"extension":{},"message":"[worker-us-central1-nowPlaying-e02c0e6e-2e86-4cff-9fec-9d14a9638916]: BUSY"}}
[debug] [2026-03-12T19:57:45.260Z] Finishing up request with event=pause {"metadata":{"emulator":{"name":"functions"},"function":{"name":"us-central1-nowPlaying"},"extension":{},"message":"Finishing up request with event=pause"}}
[info] i  functions: Finished "us-central1-nowPlaying" in 195.942708ms {"metadata":{"emulator":{"name":"functions"},"function":{"name":"us-central1-nowPlaying"},"extension":{},"message":"Finished \"us-central1-nowPlaying\" in 195.942708ms"}}
[debug] [2026-03-12T19:57:45.260Z] [worker-us-central1-nowPlaying-e02c0e6e-2e86-4cff-9fec-9d14a9638916]: IDLE {"metadata":{"emulator":{"name":"functions"},"function":{"name":"us-central1-nowPlaying"},"extension":{},"message":"[worker-us-central1-nowPlaying-e02c0e6e-2e86-4cff-9fec-9d14a9638916]: IDLE"}}
[debug] [2026-03-12T19:57:45.260Z] Finishing up request with event=finish {"metadata":{"emulator":{"name":"functions"},"function":{"name":"us-central1-nowPlaying"},"extension":{},"message":"Finishing up request with event=finish"}}
[debug] [2026-03-12T19:57:45.260Z] Finishing up request with event=close {"metadata":{"emulator":{"name":"functions"},"function":{"name":"us-central1-nowPlaying"},"extension":{},"message":"Finishing up request with event=close"}}
[debug] [2026-03-12T19:57:45.260Z] [work-queue] {"queuedWork":[],"queueLength":0,"runningWork":[],"workRunningCount":0}
[debug] [2026-03-12T19:57:48.842Z] [work-queue] {"queuedWork":["/ally-jarjour/us-central1/nowPlaying-2026-03-12T19:57:48.842Z"],"queueLength":1,"runningWork":[],"workRunningCount":0}
[debug] [2026-03-12T19:57:48.842Z] [work-queue] {"queuedWork":[],"queueLength":0,"runningWork":["/ally-jarjour/us-central1/nowPlaying-2026-03-12T19:57:48.842Z"],"workRunningCount":1}
[debug] [2026-03-12T19:57:48.842Z] Accepted request GET /ally-jarjour/us-central1/nowPlaying --> us-central1-nowPlaying
[debug] [2026-03-12T19:57:48.843Z] [functions] Runtime ready! Sending request! {"metadata":{"emulator":{"name":"functions"},"message":"[functions] Runtime ready! Sending request!"}}
[debug] [2026-03-12T19:57:48.843Z] [functions] Got req.url=/ally-jarjour/us-central1/nowPlaying, mapping to path=/ {"metadata":{"emulator":{"name":"functions"},"message":"[functions] Got req.url=/ally-jarjour/us-central1/nowPlaying, mapping to path=/"}}
[debug] [2026-03-12T19:57:48.843Z] [worker-pool] submitRequest(triggerId=us-central1-nowPlaying) {"metadata":{"emulator":{"name":"functions"},"message":"[worker-pool] submitRequest(triggerId=us-central1-nowPlaying)"}}
[info] i  functions: Beginning execution of "us-central1-nowPlaying" {"metadata":{"emulator":{"name":"functions"},"function":{"name":"us-central1-nowPlaying"},"extension":{},"message":"Beginning execution of \"us-central1-nowPlaying\""}}
[debug] [2026-03-12T19:57:48.843Z] [worker-us-central1-nowPlaying-e02c0e6e-2e86-4cff-9fec-9d14a9638916]: BUSY {"metadata":{"emulator":{"name":"functions"},"function":{"name":"us-central1-nowPlaying"},"extension":{},"message":"[worker-us-central1-nowPlaying-e02c0e6e-2e86-4cff-9fec-9d14a9638916]: BUSY"}}
[debug] [2026-03-12T19:57:49.066Z] Finishing up request with event=pause {"metadata":{"emulator":{"name":"functions"},"function":{"name":"us-central1-nowPlaying"},"extension":{},"message":"Finishing up request with event=pause"}}
[info] i  functions: Finished "us-central1-nowPlaying" in 223.30375ms {"metadata":{"emulator":{"name":"functions"},"function":{"name":"us-central1-nowPlaying"},"extension":{},"message":"Finished \"us-central1-nowPlaying\" in 223.30375ms"}}
[debug] [2026-03-12T19:57:49.067Z] [worker-us-central1-nowPlaying-e02c0e6e-2e86-4cff-9fec-9d14a9638916]: IDLE {"metadata":{"emulator":{"name":"functions"},"function":{"name":"us-central1-nowPlaying"},"extension":{},"message":"[worker-us-central1-nowPlaying-e02c0e6e-2e86-4cff-9fec-9d14a9638916]: IDLE"}}
[debug] [2026-03-12T19:57:49.067Z] Finishing up request with event=finish {"metadata":{"emulator":{"name":"functions"},"function":{"name":"us-central1-nowPlaying"},"extension":{},"message":"Finishing up request with event=finish"}}
[debug] [2026-03-12T19:57:49.067Z] Finishing up request with event=close {"metadata":{"emulator":{"name":"functions"},"function":{"name":"us-central1-nowPlaying"},"extension":{},"message":"Finishing up request with event=close"}}
[debug] [2026-03-12T19:57:49.067Z] [work-queue] {"queuedWork":[],"queueLength":0,"runningWork":[],"workRunningCount":0}
[debug] [2026-03-12T19:57:49.365Z] [work-queue] {"queuedWork":["/ally-jarjour/us-central1/nowPlaying-2026-03-12T19:57:49.365Z"],"queueLength":1,"runningWork":[],"workRunningCount":0}
[debug] [2026-03-12T19:57:49.365Z] [work-queue] {"queuedWork":[],"queueLength":0,"runningWork":["/ally-jarjour/us-central1/nowPlaying-2026-03-12T19:57:49.365Z"],"workRunningCount":1}
[debug] [2026-03-12T19:57:49.365Z] Accepted request GET /ally-jarjour/us-central1/nowPlaying --> us-central1-nowPlaying
[debug] [2026-03-12T19:57:49.365Z] [functions] Runtime ready! Sending request! {"metadata":{"emulator":{"name":"functions"},"message":"[functions] Runtime ready! Sending request!"}}
[debug] [2026-03-12T19:57:49.365Z] [functions] Got req.url=/ally-jarjour/us-central1/nowPlaying, mapping to path=/ {"metadata":{"emulator":{"name":"functions"},"message":"[functions] Got req.url=/ally-jarjour/us-central1/nowPlaying, mapping to path=/"}}
[debug] [2026-03-12T19:57:49.365Z] [worker-pool] submitRequest(triggerId=us-central1-nowPlaying) {"metadata":{"emulator":{"name":"functions"},"message":"[worker-pool] submitRequest(triggerId=us-central1-nowPlaying)"}}
[info] i  functions: Beginning execution of "us-central1-nowPlaying" {"metadata":{"emulator":{"name":"functions"},"function":{"name":"us-central1-nowPlaying"},"extension":{},"message":"Beginning execution of \"us-central1-nowPlaying\""}}
[debug] [2026-03-12T19:57:49.366Z] [worker-us-central1-nowPlaying-e02c0e6e-2e86-4cff-9fec-9d14a9638916]: BUSY {"metadata":{"emulator":{"name":"functions"},"function":{"name":"us-central1-nowPlaying"},"extension":{},"message":"[worker-us-central1-nowPlaying-e02c0e6e-2e86-4cff-9fec-9d14a9638916]: BUSY"}}
[debug] [2026-03-12T19:57:49.952Z] Finishing up request with event=close {"metadata":{"emulator":{"name":"functions"},"function":{"name":"us-central1-nowPlaying"},"extension":{},"message":"Finishing up request with event=close"}}
[info] i  functions: Finished "us-central1-nowPlaying" in 587.023541ms {"metadata":{"emulator":{"name":"functions"},"function":{"name":"us-central1-nowPlaying"},"extension":{},"message":"Finished \"us-central1-nowPlaying\" in 587.023541ms"}}
[debug] [2026-03-12T19:57:49.953Z] [worker-us-central1-nowPlaying-e02c0e6e-2e86-4cff-9fec-9d14a9638916]: IDLE {"metadata":{"emulator":{"name":"functions"},"function":{"name":"us-central1-nowPlaying"},"extension":{},"message":"[worker-us-central1-nowPlaying-e02c0e6e-2e86-4cff-9fec-9d14a9638916]: IDLE"}}
[debug] [2026-03-12T19:57:49.953Z] [work-queue] {"queuedWork":[],"queueLength":0,"runningWork":[],"workRunningCount":0}
[debug] [2026-03-12T19:57:54.110Z] [work-queue] {"queuedWork":["/ally-jarjour/us-central1/nowPlaying-2026-03-12T19:57:54.110Z"],"queueLength":1,"runningWork":[],"workRunningCount":0}
[debug] [2026-03-12T19:57:54.110Z] [work-queue] {"queuedWork":[],"queueLength":0,"runningWork":["/ally-jarjour/us-central1/nowPlaying-2026-03-12T19:57:54.110Z"],"workRunningCount":1}
[debug] [2026-03-12T19:57:54.110Z] Accepted request GET /ally-jarjour/us-central1/nowPlaying --> us-central1-nowPlaying
[debug] [2026-03-12T19:57:54.111Z] [functions] Runtime ready! Sending request! {"metadata":{"emulator":{"name":"functions"},"message":"[functions] Runtime ready! Sending request!"}}
[debug] [2026-03-12T19:57:54.111Z] [functions] Got req.url=/ally-jarjour/us-central1/nowPlaying, mapping to path=/ {"metadata":{"emulator":{"name":"functions"},"message":"[functions] Got req.url=/ally-jarjour/us-central1/nowPlaying, mapping to path=/"}}
[debug] [2026-03-12T19:57:54.111Z] [worker-pool] submitRequest(triggerId=us-central1-nowPlaying) {"metadata":{"emulator":{"name":"functions"},"message":"[worker-pool] submitRequest(triggerId=us-central1-nowPlaying)"}}
[info] i  functions: Beginning execution of "us-central1-nowPlaying" {"metadata":{"emulator":{"name":"functions"},"function":{"name":"us-central1-nowPlaying"},"extension":{},"message":"Beginning execution of \"us-central1-nowPlaying\""}}
[debug] [2026-03-12T19:57:54.111Z] [worker-us-central1-nowPlaying-e02c0e6e-2e86-4cff-9fec-9d14a9638916]: BUSY {"metadata":{"emulator":{"name":"functions"},"function":{"name":"us-central1-nowPlaying"},"extension":{},"message":"[worker-us-central1-nowPlaying-e02c0e6e-2e86-4cff-9fec-9d14a9638916]: BUSY"}}
[debug] [2026-03-12T19:57:54.427Z] Finishing up request with event=pause {"metadata":{"emulator":{"name":"functions"},"function":{"name":"us-central1-nowPlaying"},"extension":{},"message":"Finishing up request with event=pause"}}
[info] i  functions: Finished "us-central1-nowPlaying" in 316.235458ms {"metadata":{"emulator":{"name":"functions"},"function":{"name":"us-central1-nowPlaying"},"extension":{},"message":"Finished \"us-central1-nowPlaying\" in 316.235458ms"}}
[debug] [2026-03-12T19:57:54.427Z] [worker-us-central1-nowPlaying-e02c0e6e-2e86-4cff-9fec-9d14a9638916]: IDLE {"metadata":{"emulator":{"name":"functions"},"function":{"name":"us-central1-nowPlaying"},"extension":{},"message":"[worker-us-central1-nowPlaying-e02c0e6e-2e86-4cff-9fec-9d14a9638916]: IDLE"}}
[debug] [2026-03-12T19:57:54.427Z] Finishing up request with event=finish {"metadata":{"emulator":{"name":"functions"},"function":{"name":"us-central1-nowPlaying"},"extension":{},"message":"Finishing up request with event=finish"}}
[debug] [2026-03-12T19:57:54.427Z] Finishing up request with event=close {"metadata":{"emulator":{"name":"functions"},"function":{"name":"us-central1-nowPlaying"},"extension":{},"message":"Finishing up request with event=close"}}
[debug] [2026-03-12T19:57:54.427Z] [work-queue] {"queuedWork":[],"queueLength":0,"runningWork":[],"workRunningCount":0}
[debug] [2026-03-12T19:57:55.154Z] [work-queue] {"queuedWork":["/ally-jarjour/us-central1/nowPlaying-2026-03-12T19:57:55.154Z"],"queueLength":1,"runningWork":[],"workRunningCount":0}
[debug] [2026-03-12T19:57:55.154Z] [work-queue] {"queuedWork":[],"queueLength":0,"runningWork":["/ally-jarjour/us-central1/nowPlaying-2026-03-12T19:57:55.154Z"],"workRunningCount":1}
[debug] [2026-03-12T19:57:55.154Z] Accepted request GET /ally-jarjour/us-central1/nowPlaying --> us-central1-nowPlaying
[debug] [2026-03-12T19:57:55.155Z] [functions] Runtime ready! Sending request! {"metadata":{"emulator":{"name":"functions"},"message":"[functions] Runtime ready! Sending request!"}}
[debug] [2026-03-12T19:57:55.155Z] [functions] Got req.url=/ally-jarjour/us-central1/nowPlaying, mapping to path=/ {"metadata":{"emulator":{"name":"functions"},"message":"[functions] Got req.url=/ally-jarjour/us-central1/nowPlaying, mapping to path=/"}}
[debug] [2026-03-12T19:57:55.155Z] [worker-pool] submitRequest(triggerId=us-central1-nowPlaying) {"metadata":{"emulator":{"name":"functions"},"message":"[worker-pool] submitRequest(triggerId=us-central1-nowPlaying)"}}
[info] i  functions: Beginning execution of "us-central1-nowPlaying" {"metadata":{"emulator":{"name":"functions"},"function":{"name":"us-central1-nowPlaying"},"extension":{},"message":"Beginning execution of \"us-central1-nowPlaying\""}}
[debug] [2026-03-12T19:57:55.155Z] [worker-us-central1-nowPlaying-e02c0e6e-2e86-4cff-9fec-9d14a9638916]: BUSY {"metadata":{"emulator":{"name":"functions"},"function":{"name":"us-central1-nowPlaying"},"extension":{},"message":"[worker-us-central1-nowPlaying-e02c0e6e-2e86-4cff-9fec-9d14a9638916]: BUSY"}}
[debug] [2026-03-12T19:57:55.330Z] Finishing up request with event=pause {"metadata":{"emulator":{"name":"functions"},"function":{"name":"us-central1-nowPlaying"},"extension":{},"message":"Finishing up request with event=pause"}}
[info] i  functions: Finished "us-central1-nowPlaying" in 175.0855ms {"metadata":{"emulator":{"name":"functions"},"function":{"name":"us-central1-nowPlaying"},"extension":{},"message":"Finished \"us-central1-nowPlaying\" in 175.0855ms"}}
[debug] [2026-03-12T19:57:55.331Z] [worker-us-central1-nowPlaying-e02c0e6e-2e86-4cff-9fec-9d14a9638916]: IDLE {"metadata":{"emulator":{"name":"functions"},"function":{"name":"us-central1-nowPlaying"},"extension":{},"message":"[worker-us-central1-nowPlaying-e02c0e6e-2e86-4cff-9fec-9d14a9638916]: IDLE"}}
[debug] [2026-03-12T19:57:55.331Z] Finishing up request with event=finish {"metadata":{"emulator":{"name":"functions"},"function":{"name":"us-central1-nowPlaying"},"extension":{},"message":"Finishing up request with event=finish"}}
[debug] [2026-03-12T19:57:55.331Z] Finishing up request with event=close {"metadata":{"emulator":{"name":"functions"},"function":{"name":"us-central1-nowPlaying"},"extension":{},"message":"Finishing up request with event=close"}}
[debug] [2026-03-12T19:57:55.331Z] [work-queue] {"queuedWork":[],"queueLength":0,"runningWork":[],"workRunningCount":0}
[debug] [2026-03-12T19:58:13.306Z] [work-queue] {"queuedWork":["/ally-jarjour/us-central1/nowPlaying-2026-03-12T19:58:13.306Z"],"queueLength":1,"runningWork":[],"workRunningCount":0}
[debug] [2026-03-12T19:58:13.306Z] [work-queue] {"queuedWork":[],"queueLength":0,"runningWork":["/ally-jarjour/us-central1/nowPlaying-2026-03-12T19:58:13.306Z"],"workRunningCount":1}
[debug] [2026-03-12T19:58:13.306Z] Accepted request GET /ally-jarjour/us-central1/nowPlaying --> us-central1-nowPlaying
[debug] [2026-03-12T19:58:13.306Z] [functions] Runtime ready! Sending request! {"metadata":{"emulator":{"name":"functions"},"message":"[functions] Runtime ready! Sending request!"}}
[debug] [2026-03-12T19:58:13.306Z] [functions] Got req.url=/ally-jarjour/us-central1/nowPlaying, mapping to path=/ {"metadata":{"emulator":{"name":"functions"},"message":"[functions] Got req.url=/ally-jarjour/us-central1/nowPlaying, mapping to path=/"}}
[debug] [2026-03-12T19:58:13.306Z] [worker-pool] submitRequest(triggerId=us-central1-nowPlaying) {"metadata":{"emulator":{"name":"functions"},"message":"[worker-pool] submitRequest(triggerId=us-central1-nowPlaying)"}}
[info] i  functions: Beginning execution of "us-central1-nowPlaying" {"metadata":{"emulator":{"name":"functions"},"function":{"name":"us-central1-nowPlaying"},"extension":{},"message":"Beginning execution of \"us-central1-nowPlaying\""}}
[debug] [2026-03-12T19:58:13.307Z] [worker-us-central1-nowPlaying-e02c0e6e-2e86-4cff-9fec-9d14a9638916]: BUSY {"metadata":{"emulator":{"name":"functions"},"function":{"name":"us-central1-nowPlaying"},"extension":{},"message":"[worker-us-central1-nowPlaying-e02c0e6e-2e86-4cff-9fec-9d14a9638916]: BUSY"}}
[debug] [2026-03-12T19:58:13.621Z] Finishing up request with event=pause {"metadata":{"emulator":{"name":"functions"},"function":{"name":"us-central1-nowPlaying"},"extension":{},"message":"Finishing up request with event=pause"}}
[info] i  functions: Finished "us-central1-nowPlaying" in 315.078791ms {"metadata":{"emulator":{"name":"functions"},"function":{"name":"us-central1-nowPlaying"},"extension":{},"message":"Finished \"us-central1-nowPlaying\" in 315.078791ms"}}
[debug] [2026-03-12T19:58:13.622Z] [worker-us-central1-nowPlaying-e02c0e6e-2e86-4cff-9fec-9d14a9638916]: IDLE {"metadata":{"emulator":{"name":"functions"},"function":{"name":"us-central1-nowPlaying"},"extension":{},"message":"[worker-us-central1-nowPlaying-e02c0e6e-2e86-4cff-9fec-9d14a9638916]: IDLE"}}
[debug] [2026-03-12T19:58:13.622Z] Finishing up request with event=finish {"metadata":{"emulator":{"name":"functions"},"function":{"name":"us-central1-nowPlaying"},"extension":{},"message":"Finishing up request with event=finish"}}
[debug] [2026-03-12T19:58:13.622Z] Finishing up request with event=close {"metadata":{"emulator":{"name":"functions"},"function":{"name":"us-central1-nowPlaying"},"extension":{},"message":"Finishing up request with event=close"}}
[debug] [2026-03-12T19:58:13.622Z] [work-queue] {"queuedWork":[],"queueLength":0,"runningWork":[],"workRunningCount":0}
[debug] [2026-03-12T19:58:13.629Z] [work-queue] {"queuedWork":["/ally-jarjour/us-central1/nowPlaying-2026-03-12T19:58:13.629Z"],"queueLength":1,"runningWork":[],"workRunningCount":0}
[debug] [2026-03-12T19:58:13.629Z] [work-queue] {"queuedWork":[],"queueLength":0,"runningWork":["/ally-jarjour/us-central1/nowPlaying-2026-03-12T19:58:13.629Z"],"workRunningCount":1}
[debug] [2026-03-12T19:58:13.629Z] Accepted request GET /ally-jarjour/us-central1/nowPlaying --> us-central1-nowPlaying
[debug] [2026-03-12T19:58:13.629Z] [functions] Runtime ready! Sending request! {"metadata":{"emulator":{"name":"functions"},"message":"[functions] Runtime ready! Sending request!"}}
[debug] [2026-03-12T19:58:13.629Z] [functions] Got req.url=/ally-jarjour/us-central1/nowPlaying, mapping to path=/ {"metadata":{"emulator":{"name":"functions"},"message":"[functions] Got req.url=/ally-jarjour/us-central1/nowPlaying, mapping to path=/"}}
[debug] [2026-03-12T19:58:13.629Z] [worker-pool] submitRequest(triggerId=us-central1-nowPlaying) {"metadata":{"emulator":{"name":"functions"},"message":"[worker-pool] submitRequest(triggerId=us-central1-nowPlaying)"}}
[info] i  functions: Beginning execution of "us-central1-nowPlaying" {"metadata":{"emulator":{"name":"functions"},"function":{"name":"us-central1-nowPlaying"},"extension":{},"message":"Beginning execution of \"us-central1-nowPlaying\""}}
[debug] [2026-03-12T19:58:13.629Z] [worker-us-central1-nowPlaying-e02c0e6e-2e86-4cff-9fec-9d14a9638916]: BUSY {"metadata":{"emulator":{"name":"functions"},"function":{"name":"us-central1-nowPlaying"},"extension":{},"message":"[worker-us-central1-nowPlaying-e02c0e6e-2e86-4cff-9fec-9d14a9638916]: BUSY"}}
[debug] [2026-03-12T19:58:13.804Z] Finishing up request with event=pause {"metadata":{"emulator":{"name":"functions"},"function":{"name":"us-central1-nowPlaying"},"extension":{},"message":"Finishing up request with event=pause"}}
[info] i  functions: Finished "us-central1-nowPlaying" in 174.890583ms {"metadata":{"emulator":{"name":"functions"},"function":{"name":"us-central1-nowPlaying"},"extension":{},"message":"Finished \"us-central1-nowPlaying\" in 174.890583ms"}}
[debug] [2026-03-12T19:58:13.805Z] [worker-us-central1-nowPlaying-e02c0e6e-2e86-4cff-9fec-9d14a9638916]: IDLE {"metadata":{"emulator":{"name":"functions"},"function":{"name":"us-central1-nowPlaying"},"extension":{},"message":"[worker-us-central1-nowPlaying-e02c0e6e-2e86-4cff-9fec-9d14a9638916]: IDLE"}}
[debug] [2026-03-12T19:58:13.805Z] Finishing up request with event=finish {"metadata":{"emulator":{"name":"functions"},"function":{"name":"us-central1-nowPlaying"},"extension":{},"message":"Finishing up request with event=finish"}}
[debug] [2026-03-12T19:58:13.805Z] Finishing up request with event=close {"metadata":{"emulator":{"name":"functions"},"function":{"name":"us-central1-nowPlaying"},"extension":{},"message":"Finishing up request with event=close"}}
[debug] [2026-03-12T19:58:13.805Z] [work-queue] {"queuedWork":[],"queueLength":0,"runningWork":[],"workRunningCount":0}
[debug] [2026-03-12T19:58:25.150Z] [work-queue] {"queuedWork":["/ally-jarjour/us-central1/nowPlaying-2026-03-12T19:58:25.150Z"],"queueLength":1,"runningWork":[],"workRunningCount":0}
[debug] [2026-03-12T19:58:25.150Z] [work-queue] {"queuedWork":[],"queueLength":0,"runningWork":["/ally-jarjour/us-central1/nowPlaying-2026-03-12T19:58:25.150Z"],"workRunningCount":1}
[debug] [2026-03-12T19:58:25.150Z] Accepted request GET /ally-jarjour/us-central1/nowPlaying --> us-central1-nowPlaying
[debug] [2026-03-12T19:58:25.150Z] [functions] Runtime ready! Sending request! {"metadata":{"emulator":{"name":"functions"},"message":"[functions] Runtime ready! Sending request!"}}
[debug] [2026-03-12T19:58:25.150Z] [functions] Got req.url=/ally-jarjour/us-central1/nowPlaying, mapping to path=/ {"metadata":{"emulator":{"name":"functions"},"message":"[functions] Got req.url=/ally-jarjour/us-central1/nowPlaying, mapping to path=/"}}
[debug] [2026-03-12T19:58:25.150Z] [worker-pool] submitRequest(triggerId=us-central1-nowPlaying) {"metadata":{"emulator":{"name":"functions"},"message":"[worker-pool] submitRequest(triggerId=us-central1-nowPlaying)"}}
[info] i  functions: Beginning execution of "us-central1-nowPlaying" {"metadata":{"emulator":{"name":"functions"},"function":{"name":"us-central1-nowPlaying"},"extension":{},"message":"Beginning execution of \"us-central1-nowPlaying\""}}
[debug] [2026-03-12T19:58:25.150Z] [worker-us-central1-nowPlaying-e02c0e6e-2e86-4cff-9fec-9d14a9638916]: BUSY {"metadata":{"emulator":{"name":"functions"},"function":{"name":"us-central1-nowPlaying"},"extension":{},"message":"[worker-us-central1-nowPlaying-e02c0e6e-2e86-4cff-9fec-9d14a9638916]: BUSY"}}
[debug] [2026-03-12T19:58:25.453Z] Finishing up request with event=pause {"metadata":{"emulator":{"name":"functions"},"function":{"name":"us-central1-nowPlaying"},"extension":{},"message":"Finishing up request with event=pause"}}
[info] i  functions: Finished "us-central1-nowPlaying" in 303.215208ms {"metadata":{"emulator":{"name":"functions"},"function":{"name":"us-central1-nowPlaying"},"extension":{},"message":"Finished \"us-central1-nowPlaying\" in 303.215208ms"}}
[debug] [2026-03-12T19:58:25.454Z] [worker-us-central1-nowPlaying-e02c0e6e-2e86-4cff-9fec-9d14a9638916]: IDLE {"metadata":{"emulator":{"name":"functions"},"function":{"name":"us-central1-nowPlaying"},"extension":{},"message":"[worker-us-central1-nowPlaying-e02c0e6e-2e86-4cff-9fec-9d14a9638916]: IDLE"}}
[debug] [2026-03-12T19:58:25.454Z] Finishing up request with event=finish {"metadata":{"emulator":{"name":"functions"},"function":{"name":"us-central1-nowPlaying"},"extension":{},"message":"Finishing up request with event=finish"}}
[debug] [2026-03-12T19:58:25.454Z] Finishing up request with event=close {"metadata":{"emulator":{"name":"functions"},"function":{"name":"us-central1-nowPlaying"},"extension":{},"message":"Finishing up request with event=close"}}
[debug] [2026-03-12T19:58:25.454Z] [work-queue] {"queuedWork":[],"queueLength":0,"runningWork":[],"workRunningCount":0}
